photoPicker/build/outputs/logs/manifest-merger-debug-report.txt
-- Merging decision tree log ---
manifest
ADDED from src\main\AndroidManifest.xml:1:1-45:12
INJECTED from src\main\AndroidManifest.xml:1:1-45:12
INJECTED from src\main\AndroidManifest.xml:1:1-45:12
	package
		ADDED from src\main\AndroidManifest.xml:2:5-44
		INJECTED from src\main\AndroidManifest.xml
		INJECTED from src\main\AndroidManifest.xml
	xmlns:android
		ADDED from src\main\AndroidManifest.xml:1:11-69
uses-permission#android.permission.READ_EXTERNAL_STORAGE
ADDED from src\main\AndroidManifest.xml:4:5-80
	android:name
		ADDED from src\main\AndroidManifest.xml:4:22-77
uses-permission#android.permission.WRITE_EXTERNAL_STORAGE
ADDED from src\main\AndroidManifest.xml:5:5-81
	android:name
		ADDED from src\main\AndroidManifest.xml:5:22-78
uses-permission#android.permission.CAMERA
ADDED from src\main\AndroidManifest.xml:6:5-65
	android:name
		ADDED from src\main\AndroidManifest.xml:6:22-62
application
ADDED from src\main\AndroidManifest.xml:8:5-44:19
activity#cn.bingoogolapple.photopicker.activity.BGAPhotoPreviewActivity
ADDED from src\main\AndroidManifest.xml:10:9-15:63
	android:screenOrientation
		ADDED from src\main\AndroidManifest.xml:13:13-49
	android:windowSoftInputMode
		ADDED from src\main\AndroidManifest.xml:15:13-60
	android:configChanges
		ADDED from src\main\AndroidManifest.xml:12:13-74
	android:theme
		ADDED from src\main\AndroidManifest.xml:14:13-46
	android:name
		ADDED from src\main\AndroidManifest.xml:11:13-90
activity#cn.bingoogolapple.photopicker.activity.BGAPhotoPickerActivity
ADDED from src\main\AndroidManifest.xml:18:9-23:63
	android:screenOrientation
		ADDED from src\main\AndroidManifest.xml:21:13-49
	android:windowSoftInputMode
		ADDED from src\main\AndroidManifest.xml:23:13-60
	android:configChanges
		ADDED from src\main\AndroidManifest.xml:20:13-74
	android:theme
		ADDED from src\main\AndroidManifest.xml:22:13-46
	android:name
		ADDED from src\main\AndroidManifest.xml:19:13-89
activity#cn.bingoogolapple.photopicker.activity.BGAPhotoPickerPreviewActivity
ADDED from src\main\AndroidManifest.xml:26:9-31:63
	android:screenOrientation
		ADDED from src\main\AndroidManifest.xml:29:13-49
	android:windowSoftInputMode
		ADDED from src\main\AndroidManifest.xml:31:13-60
	android:configChanges
		ADDED from src\main\AndroidManifest.xml:28:13-74
	android:theme
		ADDED from src\main\AndroidManifest.xml:30:13-46
	android:name
		ADDED from src\main\AndroidManifest.xml:27:13-96
provider#cn.bingoogolapple.photopicker.util.BGAPhotoFileProvider
ADDED from src\main\AndroidManifest.xml:35:9-43:20
	android:grantUriPermissions
		ADDED from src\main\AndroidManifest.xml:39:13-47
	android:authorities
		ADDED from src\main\AndroidManifest.xml:37:13-82
	android:exported
		ADDED from src\main\AndroidManifest.xml:38:13-37
	android:name
		ADDED from src\main\AndroidManifest.xml:36:13-83
meta-data#android.support.FILE_PROVIDER_PATHS
ADDED from src\main\AndroidManifest.xml:40:13-42:71
	android:resource
		ADDED from src\main\AndroidManifest.xml:42:17-68
	android:name
		ADDED from src\main\AndroidManifest.xml:41:17-67
uses-sdk
INJECTED from src\main\AndroidManifest.xml reason: use-sdk injection requested
INJECTED from src\main\AndroidManifest.xml
INJECTED from src\main\AndroidManifest.xml
INJECTED from src\main\AndroidManifest.xml
INJECTED from src\main\AndroidManifest.xml
	android:targetSdkVersion
		INJECTED from src\main\AndroidManifest.xml
		ADDED from src\main\AndroidManifest.xml
		INJECTED from src\main\AndroidManifest.xml
	android:minSdkVersion
		INJECTED from src\main\AndroidManifest.xml
		ADDED from src\main\AndroidManifest.xml
		INJECTED from src\main\AndroidManifest.xml